Array
(
    [Result] => Array
        (
            [ResultType] => 0
            [ResultCode] => 2001
            [ResultDesc] => The initiator information is invalid.
            [OriginatorConversationID] => b54f-471d-93d9-f7f3bf3f7c0e1249676
            [ConversationID] => AG_20250108_2010218caf2a4f76450a
            [TransactionID] => TA80000000
            [ReferenceData] => Array
                (
                    [ReferenceItem] => Array
                        (
                            [Key] => Occasion
                            [Value] => Transaction Status Query
                        )

                )

        )

)
